<?xml version="1.0" encoding="UTF-8"?>
<!-- Generated by org.testng.reporters.JUnitReportReporter -->
<testsuite hostname="LAPTOP-1S7KVVBR" failures="0" tests="3" name="tests.LoginTests" time="14.589" errors="0" timestamp="2025-03-05T12:03:00 IST" skipped="0">
  <testcase classname="tests.LoginTests" name="testValidLogin" time="6.919"/>
  <testcase classname="tests.LoginTests" name="testEmptyFields" time="4.288"/>
  <testcase classname="tests.LoginTests" name="testIncorrectPassword" time="3.382"/>
</testsuite> <!-- tests.LoginTests -->
